<?xml version="1.0" encoding="UTF-8"?>
<!-- Generated by org.testng.reporters.JUnitReportReporter -->
<testsuite hostname="TYSS-Shobha" failures="0" tests="1" name="com.crm.Product.CreateProductTest" time="15.150" errors="0" timestamp="2022-10-10T21:34:07 IST" skipped="0">
  <testcase classname="com.crm.Product.CreateProductTest" name="createProductTest" time="15.150"/>
  <system-out/>
</testsuite> <!-- com.crm.Product.CreateProductTest -->
