<?xml version="1.0" encoding="UTF-8"?>
<!-- Generated by org.testng.reporters.JUnitReportReporter -->
<testsuite hostname="TYSS-Shobha" failures="0" tests="5" name="Pratice.Sample1Test" time="0.013" errors="0" timestamp="2022-10-04T11:41:28 IST" skipped="0">
  <testcase classname="Pratice.Sample1Test" name="modifyCustomerTest" time="0.001"/>
  <system-out/>
  <testcase classname="Pratice.Sample1Test" name="createCustomerTest" time="0.010"/>
  <system-out/>
  <testcase classname="Pratice.Sample1Test" name="createCustomerTest" time="0.001"/>
  <system-out/>
  <testcase classname="Pratice.Sample1Test" name="createCustomerTest" time="0.000"/>
  <system-out/>
  <testcase classname="Pratice.Sample1Test" name="deleteCutomerTest" time="0.001"/>
  <system-out/>
</testsuite> <!-- Pratice.Sample1Test -->
