<?xml version="1.0" encoding="UTF-8"?>
<!-- Generated by org.testng.reporters.JUnitReportReporter -->
<testsuite hostname="TYSS-Shobha" failures="0" tests="1" name="com.crm.Campaign.CreateCampWithProdTest" time="22.545" errors="0" timestamp="2022-10-10T21:47:38 IST" skipped="0">
  <testcase classname="com.crm.Campaign.CreateCampWithProdTest" name="createCampignWithProductTest" time="22.545"/>
  <system-out/>
</testsuite> <!-- com.crm.Campaign.CreateCampWithProdTest -->
