<?xml version="1.0" encoding="UTF-8"?>
<!-- Generated by org.testng.reporters.JUnitReportReporter -->
<testsuite hostname="TYSS-Shobha" failures="0" tests="1" name="com.crm.Product.DeleteProduct" time="17.337" errors="0" timestamp="2022-10-10T21:34:46 IST" skipped="0">
  <testcase classname="com.crm.Product.DeleteProduct" name="deleteProduct" time="17.337"/>
  <system-out/>
</testsuite> <!-- com.crm.Product.DeleteProduct -->
