<?xml version="1.0" encoding="UTF-8"?>
<!-- Generated by org.testng.reporters.JUnitReportReporter -->
<testsuite hostname="TYSS-Shobha" failures="0" tests="1" name="com.crm.Organisation.CreateOrganization" time="10.301" errors="0" timestamp="2022-10-04T11:45:30 IST" skipped="0">
  <testcase classname="com.crm.Organisation.CreateOrganization" name="createOrganization" time="10.301"/>
  <system-out/>
</testsuite> <!-- com.crm.Organisation.CreateOrganization -->
