<?xml version="1.0" encoding="UTF-8"?>
<!-- Generated by org.testng.reporters.JUnitReportReporter -->
<testsuite hostname="TYSS-Shobha" failures="0" tests="1" name="com.crm.Organisation.CreateOrganizationTest" time="16.551" errors="0" timestamp="2022-10-14T23:03:07 IST" skipped="0">
  <testcase classname="com.crm.Organisation.CreateOrganizationTest" name="createOrganizationTest" time="16.551"/>
  <system-out/>
</testsuite> <!-- com.crm.Organisation.CreateOrganizationTest -->
