<?xml version="1.0" encoding="UTF-8"?>
<!-- Generated by org.testng.reporters.JUnitReportReporter -->
<testsuite hostname="TYSS-Shobha" failures="0" tests="3" name="Pratice.DataProviderTest" time="39.553" errors="0" timestamp="2022-10-14T23:24:09 IST" skipped="0">
  <testcase classname="Pratice.DataProviderTest" name="companyDetails" time="13.121"/>
  <system-out/>
  <testcase classname="Pratice.DataProviderTest" name="companyDetails" time="12.998"/>
  <system-out/>
  <testcase classname="Pratice.DataProviderTest" name="companyDetails" time="13.434"/>
  <system-out/>
</testsuite> <!-- Pratice.DataProviderTest -->
