<?xml version="1.0" encoding="UTF-8"?>
<!-- Generated by org.testng.reporters.JUnitReportReporter -->
<testsuite hostname="TYSS-Shobha" failures="0" tests="1" name="com.crm.Campaign.CreateCampignWithProduct" time="24.865" errors="0" timestamp="2022-10-10T21:31:58 IST" skipped="0">
  <testcase classname="com.crm.Campaign.CreateCampignWithProduct" name="createCampignWithProduct" time="24.865"/>
  <system-out/>
</testsuite> <!-- com.crm.Campaign.CreateCampignWithProduct -->
