<?xml version="1.0" encoding="UTF-8"?>
<!-- Generated by org.testng.reporters.JUnitReportReporter -->
<testsuite hostname="TYSS-Shobha" failures="0" tests="1" name="Pratice.DataProviderFromExcel" time="0.000" errors="0" timestamp="2022-10-14T11:47:59 IST" skipped="1">
  <testcase classname="Pratice.DataProviderFromExcel" name="companyDetails" time="0.000">
    <skipped/>
  </testcase> <!-- companyDetails -->
  <system-out/>
</testsuite> <!-- Pratice.DataProviderFromExcel -->
